<?xml version="1.0" encoding="UTF-8"?>
<testsuite xmlns:xsi="http://www.w3.org/2001/XMLSchema-instance" xsi:noNamespaceSchemaLocation="https://maven.apache.org/surefire/maven-surefire-plugin/xsd/surefire-test-report.xsd" name="TestSuite" time="75.87" tests="2" errors="0" skipped="0" failures="1">
  <properties>
    <property name="sun.desktop" value="windows"/>
    <property name="awt.toolkit" value="sun.awt.windows.WToolkit"/>
    <property name="file.encoding.pkg" value="sun.io"/>
    <property name="java.specification.version" value="1.8"/>
    <property name="webdriver.chrome.driver" value="C:\Users\piynimor\Downloads\box-autoTest/src/main/resources/webdriver/win/chromedriver.exe"/>
    <property name="sun.cpu.isalist" value="amd64"/>
    <property name="sun.jnu.encoding" value="Cp1252"/>
    <property name="java.class.path" value="C:\Users\piynimor\Downloads\box-autoTest\target\test-classes;C:\Users\piynimor\Downloads\box-autoTest\target\classes;C:\Users\piynimor\.m2\repository\org\seleniumhq\selenium\selenium-java\3.141.59\selenium-java-3.141.59.jar;C:\Users\piynimor\.m2\repository\org\seleniumhq\selenium\selenium-api\3.141.59\selenium-api-3.141.59.jar;C:\Users\piynimor\.m2\repository\org\seleniumhq\selenium\selenium-chrome-driver\3.141.59\selenium-chrome-driver-3.141.59.jar;C:\Users\piynimor\.m2\repository\org\seleniumhq\selenium\selenium-edge-driver\3.141.59\selenium-edge-driver-3.141.59.jar;C:\Users\piynimor\.m2\repository\org\seleniumhq\selenium\selenium-firefox-driver\3.141.59\selenium-firefox-driver-3.141.59.jar;C:\Users\piynimor\.m2\repository\org\seleniumhq\selenium\selenium-ie-driver\3.141.59\selenium-ie-driver-3.141.59.jar;C:\Users\piynimor\.m2\repository\org\seleniumhq\selenium\selenium-opera-driver\3.141.59\selenium-opera-driver-3.141.59.jar;C:\Users\piynimor\.m2\repository\org\seleniumhq\selenium\selenium-remote-driver\3.141.59\selenium-remote-driver-3.141.59.jar;C:\Users\piynimor\.m2\repository\org\seleniumhq\selenium\selenium-safari-driver\3.141.59\selenium-safari-driver-3.141.59.jar;C:\Users\piynimor\.m2\repository\org\seleniumhq\selenium\selenium-support\3.141.59\selenium-support-3.141.59.jar;C:\Users\piynimor\.m2\repository\net\bytebuddy\byte-buddy\1.8.15\byte-buddy-1.8.15.jar;C:\Users\piynimor\.m2\repository\org\apache\commons\commons-exec\1.3\commons-exec-1.3.jar;C:\Users\piynimor\.m2\repository\com\google\guava\guava\25.0-jre\guava-25.0-jre.jar;C:\Users\piynimor\.m2\repository\com\google\code\findbugs\jsr305\1.3.9\jsr305-1.3.9.jar;C:\Users\piynimor\.m2\repository\org\checkerframework\checker-compat-qual\2.0.0\checker-compat-qual-2.0.0.jar;C:\Users\piynimor\.m2\repository\com\google\errorprone\error_prone_annotations\2.1.3\error_prone_annotations-2.1.3.jar;C:\Users\piynimor\.m2\repository\com\google\j2objc\j2objc-annotations\1.1\j2objc-annotations-1.1.jar;C:\Users\piynimor\.m2\repository\org\codehaus\mojo\animal-sniffer-annotations\1.14\animal-sniffer-annotations-1.14.jar;C:\Users\piynimor\.m2\repository\com\squareup\okhttp3\okhttp\3.11.0\okhttp-3.11.0.jar;C:\Users\piynimor\.m2\repository\com\squareup\okio\okio\1.14.0\okio-1.14.0.jar;C:\Users\piynimor\.m2\repository\io\cucumber\cucumber-java\4.1.1\cucumber-java-4.1.1.jar;C:\Users\piynimor\.m2\repository\io\cucumber\cucumber-core\4.1.1\cucumber-core-4.1.1.jar;C:\Users\piynimor\.m2\repository\io\cucumber\cucumber-html\0.2.7\cucumber-html-0.2.7.jar;C:\Users\piynimor\.m2\repository\io\cucumber\tag-expressions\1.1.1\tag-expressions-1.1.1.jar;C:\Users\piynimor\.m2\repository\io\cucumber\cucumber-expressions\6.1.1\cucumber-expressions-6.1.1.jar;C:\Users\piynimor\.m2\repository\io\cucumber\datatable\1.1.7\datatable-1.1.7.jar;C:\Users\piynimor\.m2\repository\io\cucumber\datatable-dependencies\1.1.7\datatable-dependencies-1.1.7.jar;C:\Users\piynimor\.m2\repository\io\cucumber\gherkin\4.1.1\gherkin-4.1.1.jar;C:\Users\piynimor\.m2\repository\io\cucumber\gherkin-jvm-deps\1.0.4\gherkin-jvm-deps-1.0.4.jar;C:\Users\piynimor\.m2\repository\io\cucumber\cucumber-junit\4.1.1\cucumber-junit-4.1.1.jar;C:\Users\piynimor\.m2\repository\junit\junit\4.12\junit-4.12.jar;C:\Users\piynimor\.m2\repository\org\hamcrest\hamcrest-core\1.3\hamcrest-core-1.3.jar;C:\Users\piynimor\.m2\repository\io\cucumber\cucumber-picocontainer\4.1.1\cucumber-picocontainer-4.1.1.jar;C:\Users\piynimor\.m2\repository\org\picocontainer\picocontainer\2.15\picocontainer-2.15.jar;C:\Users\piynimor\.m2\repository\io\cucumber\cucumber-testng\4.1.1\cucumber-testng-4.1.1.jar;C:\Users\piynimor\.m2\repository\org\testng\testng\7.0.0\testng-7.0.0.jar;C:\Users\piynimor\.m2\repository\com\beust\jcommander\1.72\jcommander-1.72.jar;C:\Users\piynimor\.m2\repository\io\qameta\allure\allure-maven\2.8\allure-maven-2.8.jar;C:\Users\piynimor\.m2\repository\org\slf4j\slf4j-api\1.7.25\slf4j-api-1.7.25.jar;C:\Users\piynimor\.m2\repository\org\apache\httpcomponents\httpclient\4.5.3\httpclient-4.5.3.jar;C:\Users\piynimor\.m2\repository\org\apache\httpcomponents\httpcore\4.4.6\httpcore-4.4.6.jar;C:\Users\piynimor\.m2\repository\commons-logging\commons-logging\1.2\commons-logging-1.2.jar;C:\Users\piynimor\.m2\repository\commons-codec\commons-codec\1.9\commons-codec-1.9.jar;C:\Users\piynimor\.m2\repository\org\apache\maven\maven-core\3.3.9\maven-core-3.3.9.jar;C:\Users\piynimor\.m2\repository\org\apache\maven\maven-model\3.3.9\maven-model-3.3.9.jar;C:\Users\piynimor\.m2\repository\org\apache\maven\maven-settings\3.3.9\maven-settings-3.3.9.jar;C:\Users\piynimor\.m2\repository\org\apache\maven\maven-settings-builder\3.3.9\maven-settings-builder-3.3.9.jar;C:\Users\piynimor\.m2\repository\org\apache\maven\maven-builder-support\3.3.9\maven-builder-support-3.3.9.jar;C:\Users\piynimor\.m2\repository\org\apache\maven\maven-repository-metadata\3.3.9\maven-repository-metadata-3.3.9.jar;C:\Users\piynimor\.m2\repository\org\apache\maven\maven-artifact\3.3.9\maven-artifact-3.3.9.jar;C:\Users\piynimor\.m2\repository\org\apache\maven\maven-plugin-api\3.3.9\maven-plugin-api-3.3.9.jar;C:\Users\piynimor\.m2\repository\org\apache\maven\maven-model-builder\3.3.9\maven-model-builder-3.3.9.jar;C:\Users\piynimor\.m2\repository\org\apache\maven\maven-aether-provider\3.3.9\maven-aether-provider-3.3.9.jar;C:\Users\piynimor\.m2\repository\org\eclipse\aether\aether-spi\1.0.2.v20150114\aether-spi-1.0.2.v20150114.jar;C:\Users\piynimor\.m2\repository\org\eclipse\aether\aether-impl\1.0.2.v20150114\aether-impl-1.0.2.v20150114.jar;C:\Users\piynimor\.m2\repository\org\eclipse\aether\aether-api\1.0.2.v20150114\aether-api-1.0.2.v20150114.jar;C:\Users\piynimor\.m2\repository\org\eclipse\aether\aether-util\1.0.2.v20150114\aether-util-1.0.2.v20150114.jar;C:\Users\piynimor\.m2\repository\org\eclipse\sisu\org.eclipse.sisu.plexus\0.3.2\org.eclipse.sisu.plexus-0.3.2.jar;C:\Users\piynimor\.m2\repository\javax\enterprise\cdi-api\1.0\cdi-api-1.0.jar;C:\Users\piynimor\.m2\repository\javax\annotation\jsr250-api\1.0\jsr250-api-1.0.jar;C:\Users\piynimor\.m2\repository\org\eclipse\sisu\org.eclipse.sisu.inject\0.3.2\org.eclipse.sisu.inject-0.3.2.jar;C:\Users\piynimor\.m2\repository\com\google\inject\guice\4.0\guice-4.0-no_aop.jar;C:\Users\piynimor\.m2\repository\javax\inject\javax.inject\1\javax.inject-1.jar;C:\Users\piynimor\.m2\repository\aopalliance\aopalliance\1.0\aopalliance-1.0.jar;C:\Users\piynimor\.m2\repository\org\codehaus\plexus\plexus-interpolation\1.21\plexus-interpolation-1.21.jar;C:\Users\piynimor\.m2\repository\org\codehaus\plexus\plexus-utils\3.0.22\plexus-utils-3.0.22.jar;C:\Users\piynimor\.m2\repository\org\codehaus\plexus\plexus-classworlds\2.5.2\plexus-classworlds-2.5.2.jar;C:\Users\piynimor\.m2\repository\org\codehaus\plexus\plexus-component-annotations\1.6\plexus-component-annotations-1.6.jar;C:\Users\piynimor\.m2\repository\org\sonatype\plexus\plexus-sec-dispatcher\1.3\plexus-sec-dispatcher-1.3.jar;C:\Users\piynimor\.m2\repository\org\sonatype\plexus\plexus-cipher\1.4\plexus-cipher-1.4.jar;C:\Users\piynimor\.m2\repository\org\apache\commons\commons-lang3\3.4\commons-lang3-3.4.jar;C:\Users\piynimor\.m2\repository\org\apache\maven\reporting\maven-reporting-impl\2.4\maven-reporting-impl-2.4.jar;C:\Users\piynimor\.m2\repository\org\apache\maven\reporting\maven-reporting-api\3.0\maven-reporting-api-3.0.jar;C:\Users\piynimor\.m2\repository\org\apache\maven\maven-project\2.2.1\maven-project-2.2.1.jar;C:\Users\piynimor\.m2\repository\org\apache\maven\maven-profile\2.2.1\maven-profile-2.2.1.jar;C:\Users\piynimor\.m2\repository\org\apache\maven\maven-artifact-manager\2.2.1\maven-artifact-manager-2.2.1.jar;C:\Users\piynimor\.m2\repository\backport-util-concurrent\backport-util-concurrent\3.1\backport-util-concurrent-3.1.jar;C:\Users\piynimor\.m2\repository\org\apache\maven\maven-plugin-registry\2.2.1\maven-plugin-registry-2.2.1.jar;C:\Users\piynimor\.m2\repository\org\codehaus\plexus\plexus-container-default\1.0-alpha-9-stable-1\plexus-container-default-1.0-alpha-9-stable-1.jar;C:\Users\piynimor\.m2\repository\classworlds\classworlds\1.1-alpha-2\classworlds-1.1-alpha-2.jar;C:\Users\piynimor\.m2\repository\org\apache\maven\shared\maven-shared-utils\0.6\maven-shared-utils-0.6.jar;C:\Users\piynimor\.m2\repository\org\apache\maven\doxia\doxia-sink-api\1.6\doxia-sink-api-1.6.jar;C:\Users\piynimor\.m2\repository\org\apache\maven\doxia\doxia-logging-api\1.6\doxia-logging-api-1.6.jar;C:\Users\piynimor\.m2\repository\org\apache\maven\doxia\doxia-core\1.6\doxia-core-1.6.jar;C:\Users\piynimor\.m2\repository\xerces\xercesImpl\2.9.1\xercesImpl-2.9.1.jar;C:\Users\piynimor\.m2\repository\commons-lang\commons-lang\2.4\commons-lang-2.4.jar;C:\Users\piynimor\.m2\repository\xmlunit\xmlunit\1.5\xmlunit-1.5.jar;C:\Users\piynimor\.m2\repository\org\apache\maven\doxia\doxia-site-renderer\1.6\doxia-site-renderer-1.6.jar;C:\Users\piynimor\.m2\repository\org\apache\maven\doxia\doxia-decoration-model\1.6\doxia-decoration-model-1.6.jar;C:\Users\piynimor\.m2\repository\org\apache\maven\doxia\doxia-module-xhtml\1.6\doxia-module-xhtml-1.6.jar;C:\Users\piynimor\.m2\repository\org\apache\maven\doxia\doxia-module-fml\1.6\doxia-module-fml-1.6.jar;C:\Users\piynimor\.m2\repository\org\codehaus\plexus\plexus-i18n\1.0-beta-7\plexus-i18n-1.0-beta-7.jar;C:\Users\piynimor\.m2\repository\org\codehaus\plexus\plexus-velocity\1.1.7\plexus-velocity-1.1.7.jar;C:\Users\piynimor\.m2\repository\org\apache\velocity\velocity-tools\2.0\velocity-tools-2.0.jar;C:\Users\piynimor\.m2\repository\commons-chain\commons-chain\1.1\commons-chain-1.1.jar;C:\Users\piynimor\.m2\repository\dom4j\dom4j\1.1\dom4j-1.1.jar;C:\Users\piynimor\.m2\repository\sslext\sslext\1.2-0\sslext-1.2-0.jar;C:\Users\piynimor\.m2\repository\org\apache\struts\struts-core\1.3.8\struts-core-1.3.8.jar;C:\Users\piynimor\.m2\repository\antlr\antlr\2.7.2\antlr-2.7.2.jar;C:\Users\piynimor\.m2\repository\org\apache\struts\struts-taglib\1.3.8\struts-taglib-1.3.8.jar;C:\Users\piynimor\.m2\repository\org\apache\struts\struts-tiles\1.3.8\struts-tiles-1.3.8.jar;C:\Users\piynimor\.m2\repository\commons-validator\commons-validator\1.4.1\commons-validator-1.4.1.jar;C:\Users\piynimor\.m2\repository\commons-digester\commons-digester\1.8.1\commons-digester-1.8.1.jar;C:\Users\piynimor\.m2\repository\commons-beanutils\commons-beanutils\1.9.3\commons-beanutils-1.9.3.jar;C:\Users\piynimor\.m2\repository\commons-collections\commons-collections\3.2.2\commons-collections-3.2.2.jar;C:\Users\piynimor\.m2\repository\net\lingala\zip4j\zip4j\1.3.2\zip4j-1.3.2.jar;C:\Users\piynimor\.m2\repository\org\apache\maven\plugin-tools\maven-plugin-annotations\3.2\maven-plugin-annotations-3.2.jar;C:\Users\piynimor\.m2\repository\org\apache\maven\plugins\maven-jxr-plugin\2.5\maven-jxr-plugin-2.5.jar;C:\Users\piynimor\.m2\repository\org\apache\velocity\velocity\1.5\velocity-1.5.jar;C:\Users\piynimor\.m2\repository\oro\oro\2.0.8\oro-2.0.8.jar;C:\Users\piynimor\.m2\repository\org\apache\maven\maven-jxr\2.5\maven-jxr-2.5.jar;C:\Users\piynimor\.m2\repository\commons-io\commons-io\2.0.1\commons-io-2.0.1.jar;C:\Users\piynimor\.m2\repository\org\apache\maven\wagon\wagon-provider-api\1.0\wagon-provider-api-1.0.jar;C:\Users\piynimor\.m2\repository\xml-apis\xml-apis\1.0.b2\xml-apis-1.0.b2.jar;C:\Users\piynimor\.m2\repository\xalan\xalan\2.7.0\xalan-2.7.0.jar;C:\Users\piynimor\.m2\repository\ru\yandex\qatools\allure\allure-bundle\1.5.4\allure-bundle-1.5.4.jar;C:\Users\piynimor\.m2\repository\org\slf4j\slf4j-simple\1.7.12\slf4j-simple-1.7.12.jar;C:\Users\piynimor\.m2\repository\ru\yandex\qatools\allure\allure-report-data\1.5.4\allure-report-data-1.5.4.jar;C:\Users\piynimor\.m2\repository\ru\yandex\qatools\allure\allure-report-plugin-api\1.5.4\allure-report-plugin-api-1.5.4.jar;C:\Users\piynimor\.m2\repository\ru\yandex\qatools\allure\allure-model\1.5.4\allure-model-1.5.4.jar;C:\Users\piynimor\.m2\repository\org\jvnet\jaxb2_commons\jaxb2-basics-runtime\0.9.3\jaxb2-basics-runtime-0.9.3.jar;C:\Users\piynimor\.m2\repository\ru\qatools\commons\properties\2.0.RC5\properties-2.0.RC5.jar;C:\Users\piynimor\.m2\repository\com\google\inject\guice\4.0\guice-4.0.jar;C:\Users\piynimor\.m2\repository\ru\yandex\qatools\allure\allure-commons\1.5.4\allure-commons-1.5.4.jar;C:\Users\piynimor\.m2\repository\com\fasterxml\jackson\core\jackson-databind\2.3.0\jackson-databind-2.3.0.jar;C:\Users\piynimor\.m2\repository\com\fasterxml\jackson\core\jackson-annotations\2.3.0\jackson-annotations-2.3.0.jar;C:\Users\piynimor\.m2\repository\com\fasterxml\jackson\core\jackson-core\2.3.0\jackson-core-2.3.0.jar;C:\Users\piynimor\.m2\repository\com\fasterxml\jackson\module\jackson-module-jaxb-annotations\2.3.0\jackson-module-jaxb-annotations-2.3.0.jar;C:\Users\piynimor\.m2\repository\org\pegdown\pegdown\1.4.2\pegdown-1.4.2.jar;C:\Users\piynimor\.m2\repository\org\parboiled\parboiled-java\1.1.6\parboiled-java-1.1.6.jar;C:\Users\piynimor\.m2\repository\org\parboiled\parboiled-core\1.1.6\parboiled-core-1.1.6.jar;C:\Users\piynimor\.m2\repository\org\ow2\asm\asm\4.1\asm-4.1.jar;C:\Users\piynimor\.m2\repository\org\ow2\asm\asm-tree\4.1\asm-tree-4.1.jar;C:\Users\piynimor\.m2\repository\org\ow2\asm\asm-analysis\4.1\asm-analysis-4.1.jar;C:\Users\piynimor\.m2\repository\org\ow2\asm\asm-util\4.1\asm-util-4.1.jar;C:\Users\piynimor\.m2\repository\org\modelmapper\modelmapper\0.7.3\modelmapper-0.7.3.jar;C:\Users\piynimor\.m2\repository\org\codehaus\groovy\groovy\2.4.3\groovy-2.4.3-indy.jar;C:\Users\piynimor\.m2\repository\org\freemarker\freemarker\2.3.23\freemarker-2.3.23.jar;C:\Users\piynimor\.m2\repository\io\qameta\allure\allure-cucumber4-jvm\2.13.5\allure-cucumber4-jvm-2.13.5.jar;C:\Users\piynimor\.m2\repository\io\qameta\allure\allure-java-commons\2.13.5\allure-java-commons-2.13.5.jar;C:\Users\piynimor\.m2\repository\io\qameta\allure\allure-model\2.13.5\allure-model-2.13.5.jar;C:\Users\piynimor\.m2\repository\org\apache\tika\tika-core\1.20\tika-core-1.20.jar;C:\Users\piynimor\.m2\repository\org\jooq\joor-java-8\0.9.10\joor-java-8-0.9.10.jar;C:\Users\piynimor\.m2\repository\log4j\log4j\1.2.17\log4j-1.2.17.jar;"/>
    <property name="java.vm.vendor" value="Oracle Corporation"/>
    <property name="sun.arch.data.model" value="64"/>
    <property name="user.variant" value=""/>
    <property name="java.vendor.url" value="http://java.oracle.com/"/>
    <property name="user.timezone" value="Asia/Calcutta"/>
    <property name="java.vm.specification.version" value="1.8"/>
    <property name="os.name" value="Windows 10"/>
    <property name="user.country" value="US"/>
    <property name="sun.java.launcher" value="SUN_STANDARD"/>
    <property name="sun.boot.library.path" value="C:\Program Files\Java\jdk1.8.0_221\jre\bin"/>
    <property name="sun.java.command" value="C:\Users\piynimor\AppData\Local\Temp\surefire7566589389825919985\surefirebooter7686287394008985933.jar C:\Users\piynimor\AppData\Local\Temp\surefire7566589389825919985 2021-03-27T00-56-35_991-jvmRun1 surefire5500303996098350240tmp surefire_04560750476840645918tmp"/>
    <property name="surefire.test.class.path" value="C:\Users\piynimor\Downloads\box-autoTest\target\test-classes;C:\Users\piynimor\Downloads\box-autoTest\target\classes;C:\Users\piynimor\.m2\repository\org\seleniumhq\selenium\selenium-java\3.141.59\selenium-java-3.141.59.jar;C:\Users\piynimor\.m2\repository\org\seleniumhq\selenium\selenium-api\3.141.59\selenium-api-3.141.59.jar;C:\Users\piynimor\.m2\repository\org\seleniumhq\selenium\selenium-chrome-driver\3.141.59\selenium-chrome-driver-3.141.59.jar;C:\Users\piynimor\.m2\repository\org\seleniumhq\selenium\selenium-edge-driver\3.141.59\selenium-edge-driver-3.141.59.jar;C:\Users\piynimor\.m2\repository\org\seleniumhq\selenium\selenium-firefox-driver\3.141.59\selenium-firefox-driver-3.141.59.jar;C:\Users\piynimor\.m2\repository\org\seleniumhq\selenium\selenium-ie-driver\3.141.59\selenium-ie-driver-3.141.59.jar;C:\Users\piynimor\.m2\repository\org\seleniumhq\selenium\selenium-opera-driver\3.141.59\selenium-opera-driver-3.141.59.jar;C:\Users\piynimor\.m2\repository\org\seleniumhq\selenium\selenium-remote-driver\3.141.59\selenium-remote-driver-3.141.59.jar;C:\Users\piynimor\.m2\repository\org\seleniumhq\selenium\selenium-safari-driver\3.141.59\selenium-safari-driver-3.141.59.jar;C:\Users\piynimor\.m2\repository\org\seleniumhq\selenium\selenium-support\3.141.59\selenium-support-3.141.59.jar;C:\Users\piynimor\.m2\repository\net\bytebuddy\byte-buddy\1.8.15\byte-buddy-1.8.15.jar;C:\Users\piynimor\.m2\repository\org\apache\commons\commons-exec\1.3\commons-exec-1.3.jar;C:\Users\piynimor\.m2\repository\com\google\guava\guava\25.0-jre\guava-25.0-jre.jar;C:\Users\piynimor\.m2\repository\com\google\code\findbugs\jsr305\1.3.9\jsr305-1.3.9.jar;C:\Users\piynimor\.m2\repository\org\checkerframework\checker-compat-qual\2.0.0\checker-compat-qual-2.0.0.jar;C:\Users\piynimor\.m2\repository\com\google\errorprone\error_prone_annotations\2.1.3\error_prone_annotations-2.1.3.jar;C:\Users\piynimor\.m2\repository\com\google\j2objc\j2objc-annotations\1.1\j2objc-annotations-1.1.jar;C:\Users\piynimor\.m2\repository\org\codehaus\mojo\animal-sniffer-annotations\1.14\animal-sniffer-annotations-1.14.jar;C:\Users\piynimor\.m2\repository\com\squareup\okhttp3\okhttp\3.11.0\okhttp-3.11.0.jar;C:\Users\piynimor\.m2\repository\com\squareup\okio\okio\1.14.0\okio-1.14.0.jar;C:\Users\piynimor\.m2\repository\io\cucumber\cucumber-java\4.1.1\cucumber-java-4.1.1.jar;C:\Users\piynimor\.m2\repository\io\cucumber\cucumber-core\4.1.1\cucumber-core-4.1.1.jar;C:\Users\piynimor\.m2\repository\io\cucumber\cucumber-html\0.2.7\cucumber-html-0.2.7.jar;C:\Users\piynimor\.m2\repository\io\cucumber\tag-expressions\1.1.1\tag-expressions-1.1.1.jar;C:\Users\piynimor\.m2\repository\io\cucumber\cucumber-expressions\6.1.1\cucumber-expressions-6.1.1.jar;C:\Users\piynimor\.m2\repository\io\cucumber\datatable\1.1.7\datatable-1.1.7.jar;C:\Users\piynimor\.m2\repository\io\cucumber\datatable-dependencies\1.1.7\datatable-dependencies-1.1.7.jar;C:\Users\piynimor\.m2\repository\io\cucumber\gherkin\4.1.1\gherkin-4.1.1.jar;C:\Users\piynimor\.m2\repository\io\cucumber\gherkin-jvm-deps\1.0.4\gherkin-jvm-deps-1.0.4.jar;C:\Users\piynimor\.m2\repository\io\cucumber\cucumber-junit\4.1.1\cucumber-junit-4.1.1.jar;C:\Users\piynimor\.m2\repository\junit\junit\4.12\junit-4.12.jar;C:\Users\piynimor\.m2\repository\org\hamcrest\hamcrest-core\1.3\hamcrest-core-1.3.jar;C:\Users\piynimor\.m2\repository\io\cucumber\cucumber-picocontainer\4.1.1\cucumber-picocontainer-4.1.1.jar;C:\Users\piynimor\.m2\repository\org\picocontainer\picocontainer\2.15\picocontainer-2.15.jar;C:\Users\piynimor\.m2\repository\io\cucumber\cucumber-testng\4.1.1\cucumber-testng-4.1.1.jar;C:\Users\piynimor\.m2\repository\org\testng\testng\7.0.0\testng-7.0.0.jar;C:\Users\piynimor\.m2\repository\com\beust\jcommander\1.72\jcommander-1.72.jar;C:\Users\piynimor\.m2\repository\io\qameta\allure\allure-maven\2.8\allure-maven-2.8.jar;C:\Users\piynimor\.m2\repository\org\slf4j\slf4j-api\1.7.25\slf4j-api-1.7.25.jar;C:\Users\piynimor\.m2\repository\org\apache\httpcomponents\httpclient\4.5.3\httpclient-4.5.3.jar;C:\Users\piynimor\.m2\repository\org\apache\httpcomponents\httpcore\4.4.6\httpcore-4.4.6.jar;C:\Users\piynimor\.m2\repository\commons-logging\commons-logging\1.2\commons-logging-1.2.jar;C:\Users\piynimor\.m2\repository\commons-codec\commons-codec\1.9\commons-codec-1.9.jar;C:\Users\piynimor\.m2\repository\org\apache\maven\maven-core\3.3.9\maven-core-3.3.9.jar;C:\Users\piynimor\.m2\repository\org\apache\maven\maven-model\3.3.9\maven-model-3.3.9.jar;C:\Users\piynimor\.m2\repository\org\apache\maven\maven-settings\3.3.9\maven-settings-3.3.9.jar;C:\Users\piynimor\.m2\repository\org\apache\maven\maven-settings-builder\3.3.9\maven-settings-builder-3.3.9.jar;C:\Users\piynimor\.m2\repository\org\apache\maven\maven-builder-support\3.3.9\maven-builder-support-3.3.9.jar;C:\Users\piynimor\.m2\repository\org\apache\maven\maven-repository-metadata\3.3.9\maven-repository-metadata-3.3.9.jar;C:\Users\piynimor\.m2\repository\org\apache\maven\maven-artifact\3.3.9\maven-artifact-3.3.9.jar;C:\Users\piynimor\.m2\repository\org\apache\maven\maven-plugin-api\3.3.9\maven-plugin-api-3.3.9.jar;C:\Users\piynimor\.m2\repository\org\apache\maven\maven-model-builder\3.3.9\maven-model-builder-3.3.9.jar;C:\Users\piynimor\.m2\repository\org\apache\maven\maven-aether-provider\3.3.9\maven-aether-provider-3.3.9.jar;C:\Users\piynimor\.m2\repository\org\eclipse\aether\aether-spi\1.0.2.v20150114\aether-spi-1.0.2.v20150114.jar;C:\Users\piynimor\.m2\repository\org\eclipse\aether\aether-impl\1.0.2.v20150114\aether-impl-1.0.2.v20150114.jar;C:\Users\piynimor\.m2\repository\org\eclipse\aether\aether-api\1.0.2.v20150114\aether-api-1.0.2.v20150114.jar;C:\Users\piynimor\.m2\repository\org\eclipse\aether\aether-util\1.0.2.v20150114\aether-util-1.0.2.v20150114.jar;C:\Users\piynimor\.m2\repository\org\eclipse\sisu\org.eclipse.sisu.plexus\0.3.2\org.eclipse.sisu.plexus-0.3.2.jar;C:\Users\piynimor\.m2\repository\javax\enterprise\cdi-api\1.0\cdi-api-1.0.jar;C:\Users\piynimor\.m2\repository\javax\annotation\jsr250-api\1.0\jsr250-api-1.0.jar;C:\Users\piynimor\.m2\repository\org\eclipse\sisu\org.eclipse.sisu.inject\0.3.2\org.eclipse.sisu.inject-0.3.2.jar;C:\Users\piynimor\.m2\repository\com\google\inject\guice\4.0\guice-4.0-no_aop.jar;C:\Users\piynimor\.m2\repository\javax\inject\javax.inject\1\javax.inject-1.jar;C:\Users\piynimor\.m2\repository\aopalliance\aopalliance\1.0\aopalliance-1.0.jar;C:\Users\piynimor\.m2\repository\org\codehaus\plexus\plexus-interpolation\1.21\plexus-interpolation-1.21.jar;C:\Users\piynimor\.m2\repository\org\codehaus\plexus\plexus-utils\3.0.22\plexus-utils-3.0.22.jar;C:\Users\piynimor\.m2\repository\org\codehaus\plexus\plexus-classworlds\2.5.2\plexus-classworlds-2.5.2.jar;C:\Users\piynimor\.m2\repository\org\codehaus\plexus\plexus-component-annotations\1.6\plexus-component-annotations-1.6.jar;C:\Users\piynimor\.m2\repository\org\sonatype\plexus\plexus-sec-dispatcher\1.3\plexus-sec-dispatcher-1.3.jar;C:\Users\piynimor\.m2\repository\org\sonatype\plexus\plexus-cipher\1.4\plexus-cipher-1.4.jar;C:\Users\piynimor\.m2\repository\org\apache\commons\commons-lang3\3.4\commons-lang3-3.4.jar;C:\Users\piynimor\.m2\repository\org\apache\maven\reporting\maven-reporting-impl\2.4\maven-reporting-impl-2.4.jar;C:\Users\piynimor\.m2\repository\org\apache\maven\reporting\maven-reporting-api\3.0\maven-reporting-api-3.0.jar;C:\Users\piynimor\.m2\repository\org\apache\maven\maven-project\2.2.1\maven-project-2.2.1.jar;C:\Users\piynimor\.m2\repository\org\apache\maven\maven-profile\2.2.1\maven-profile-2.2.1.jar;C:\Users\piynimor\.m2\repository\org\apache\maven\maven-artifact-manager\2.2.1\maven-artifact-manager-2.2.1.jar;C:\Users\piynimor\.m2\repository\backport-util-concurrent\backport-util-concurrent\3.1\backport-util-concurrent-3.1.jar;C:\Users\piynimor\.m2\repository\org\apache\maven\maven-plugin-registry\2.2.1\maven-plugin-registry-2.2.1.jar;C:\Users\piynimor\.m2\repository\org\codehaus\plexus\plexus-container-default\1.0-alpha-9-stable-1\plexus-container-default-1.0-alpha-9-stable-1.jar;C:\Users\piynimor\.m2\repository\classworlds\classworlds\1.1-alpha-2\classworlds-1.1-alpha-2.jar;C:\Users\piynimor\.m2\repository\org\apache\maven\shared\maven-shared-utils\0.6\maven-shared-utils-0.6.jar;C:\Users\piynimor\.m2\repository\org\apache\maven\doxia\doxia-sink-api\1.6\doxia-sink-api-1.6.jar;C:\Users\piynimor\.m2\repository\org\apache\maven\doxia\doxia-logging-api\1.6\doxia-logging-api-1.6.jar;C:\Users\piynimor\.m2\repository\org\apache\maven\doxia\doxia-core\1.6\doxia-core-1.6.jar;C:\Users\piynimor\.m2\repository\xerces\xercesImpl\2.9.1\xercesImpl-2.9.1.jar;C:\Users\piynimor\.m2\repository\commons-lang\commons-lang\2.4\commons-lang-2.4.jar;C:\Users\piynimor\.m2\repository\xmlunit\xmlunit\1.5\xmlunit-1.5.jar;C:\Users\piynimor\.m2\repository\org\apache\maven\doxia\doxia-site-renderer\1.6\doxia-site-renderer-1.6.jar;C:\Users\piynimor\.m2\repository\org\apache\maven\doxia\doxia-decoration-model\1.6\doxia-decoration-model-1.6.jar;C:\Users\piynimor\.m2\repository\org\apache\maven\doxia\doxia-module-xhtml\1.6\doxia-module-xhtml-1.6.jar;C:\Users\piynimor\.m2\repository\org\apache\maven\doxia\doxia-module-fml\1.6\doxia-module-fml-1.6.jar;C:\Users\piynimor\.m2\repository\org\codehaus\plexus\plexus-i18n\1.0-beta-7\plexus-i18n-1.0-beta-7.jar;C:\Users\piynimor\.m2\repository\org\codehaus\plexus\plexus-velocity\1.1.7\plexus-velocity-1.1.7.jar;C:\Users\piynimor\.m2\repository\org\apache\velocity\velocity-tools\2.0\velocity-tools-2.0.jar;C:\Users\piynimor\.m2\repository\commons-chain\commons-chain\1.1\commons-chain-1.1.jar;C:\Users\piynimor\.m2\repository\dom4j\dom4j\1.1\dom4j-1.1.jar;C:\Users\piynimor\.m2\repository\sslext\sslext\1.2-0\sslext-1.2-0.jar;C:\Users\piynimor\.m2\repository\org\apache\struts\struts-core\1.3.8\struts-core-1.3.8.jar;C:\Users\piynimor\.m2\repository\antlr\antlr\2.7.2\antlr-2.7.2.jar;C:\Users\piynimor\.m2\repository\org\apache\struts\struts-taglib\1.3.8\struts-taglib-1.3.8.jar;C:\Users\piynimor\.m2\repository\org\apache\struts\struts-tiles\1.3.8\struts-tiles-1.3.8.jar;C:\Users\piynimor\.m2\repository\commons-validator\commons-validator\1.4.1\commons-validator-1.4.1.jar;C:\Users\piynimor\.m2\repository\commons-digester\commons-digester\1.8.1\commons-digester-1.8.1.jar;C:\Users\piynimor\.m2\repository\commons-beanutils\commons-beanutils\1.9.3\commons-beanutils-1.9.3.jar;C:\Users\piynimor\.m2\repository\commons-collections\commons-collections\3.2.2\commons-collections-3.2.2.jar;C:\Users\piynimor\.m2\repository\net\lingala\zip4j\zip4j\1.3.2\zip4j-1.3.2.jar;C:\Users\piynimor\.m2\repository\org\apache\maven\plugin-tools\maven-plugin-annotations\3.2\maven-plugin-annotations-3.2.jar;C:\Users\piynimor\.m2\repository\org\apache\maven\plugins\maven-jxr-plugin\2.5\maven-jxr-plugin-2.5.jar;C:\Users\piynimor\.m2\repository\org\apache\velocity\velocity\1.5\velocity-1.5.jar;C:\Users\piynimor\.m2\repository\oro\oro\2.0.8\oro-2.0.8.jar;C:\Users\piynimor\.m2\repository\org\apache\maven\maven-jxr\2.5\maven-jxr-2.5.jar;C:\Users\piynimor\.m2\repository\commons-io\commons-io\2.0.1\commons-io-2.0.1.jar;C:\Users\piynimor\.m2\repository\org\apache\maven\wagon\wagon-provider-api\1.0\wagon-provider-api-1.0.jar;C:\Users\piynimor\.m2\repository\xml-apis\xml-apis\1.0.b2\xml-apis-1.0.b2.jar;C:\Users\piynimor\.m2\repository\xalan\xalan\2.7.0\xalan-2.7.0.jar;C:\Users\piynimor\.m2\repository\ru\yandex\qatools\allure\allure-bundle\1.5.4\allure-bundle-1.5.4.jar;C:\Users\piynimor\.m2\repository\org\slf4j\slf4j-simple\1.7.12\slf4j-simple-1.7.12.jar;C:\Users\piynimor\.m2\repository\ru\yandex\qatools\allure\allure-report-data\1.5.4\allure-report-data-1.5.4.jar;C:\Users\piynimor\.m2\repository\ru\yandex\qatools\allure\allure-report-plugin-api\1.5.4\allure-report-plugin-api-1.5.4.jar;C:\Users\piynimor\.m2\repository\ru\yandex\qatools\allure\allure-model\1.5.4\allure-model-1.5.4.jar;C:\Users\piynimor\.m2\repository\org\jvnet\jaxb2_commons\jaxb2-basics-runtime\0.9.3\jaxb2-basics-runtime-0.9.3.jar;C:\Users\piynimor\.m2\repository\ru\qatools\commons\properties\2.0.RC5\properties-2.0.RC5.jar;C:\Users\piynimor\.m2\repository\com\google\inject\guice\4.0\guice-4.0.jar;C:\Users\piynimor\.m2\repository\ru\yandex\qatools\allure\allure-commons\1.5.4\allure-commons-1.5.4.jar;C:\Users\piynimor\.m2\repository\com\fasterxml\jackson\core\jackson-databind\2.3.0\jackson-databind-2.3.0.jar;C:\Users\piynimor\.m2\repository\com\fasterxml\jackson\core\jackson-annotations\2.3.0\jackson-annotations-2.3.0.jar;C:\Users\piynimor\.m2\repository\com\fasterxml\jackson\core\jackson-core\2.3.0\jackson-core-2.3.0.jar;C:\Users\piynimor\.m2\repository\com\fasterxml\jackson\module\jackson-module-jaxb-annotations\2.3.0\jackson-module-jaxb-annotations-2.3.0.jar;C:\Users\piynimor\.m2\repository\org\pegdown\pegdown\1.4.2\pegdown-1.4.2.jar;C:\Users\piynimor\.m2\repository\org\parboiled\parboiled-java\1.1.6\parboiled-java-1.1.6.jar;C:\Users\piynimor\.m2\repository\org\parboiled\parboiled-core\1.1.6\parboiled-core-1.1.6.jar;C:\Users\piynimor\.m2\repository\org\ow2\asm\asm\4.1\asm-4.1.jar;C:\Users\piynimor\.m2\repository\org\ow2\asm\asm-tree\4.1\asm-tree-4.1.jar;C:\Users\piynimor\.m2\repository\org\ow2\asm\asm-analysis\4.1\asm-analysis-4.1.jar;C:\Users\piynimor\.m2\repository\org\ow2\asm\asm-util\4.1\asm-util-4.1.jar;C:\Users\piynimor\.m2\repository\org\modelmapper\modelmapper\0.7.3\modelmapper-0.7.3.jar;C:\Users\piynimor\.m2\repository\org\codehaus\groovy\groovy\2.4.3\groovy-2.4.3-indy.jar;C:\Users\piynimor\.m2\repository\org\freemarker\freemarker\2.3.23\freemarker-2.3.23.jar;C:\Users\piynimor\.m2\repository\io\qameta\allure\allure-cucumber4-jvm\2.13.5\allure-cucumber4-jvm-2.13.5.jar;C:\Users\piynimor\.m2\repository\io\qameta\allure\allure-java-commons\2.13.5\allure-java-commons-2.13.5.jar;C:\Users\piynimor\.m2\repository\io\qameta\allure\allure-model\2.13.5\allure-model-2.13.5.jar;C:\Users\piynimor\.m2\repository\org\apache\tika\tika-core\1.20\tika-core-1.20.jar;C:\Users\piynimor\.m2\repository\org\jooq\joor-java-8\0.9.10\joor-java-8-0.9.10.jar;C:\Users\piynimor\.m2\repository\log4j\log4j\1.2.17\log4j-1.2.17.jar;"/>
    <property name="allure.results.directory" value="C:\Users\piynimor\Downloads\box-autoTest/target/allure-results"/>
    <property name="sun.cpu.endian" value="little"/>
    <property name="user.home" value="C:\Users\piynimor"/>
    <property name="user.language" value="en"/>
    <property name="java.specification.vendor" value="Oracle Corporation"/>
    <property name="java.home" value="C:\Program Files\Java\jdk1.8.0_221\jre"/>
    <property name="basedir" value="C:\Users\piynimor\Downloads\box-autoTest"/>
    <property name="file.separator" value="\"/>
    <property name="line.separator" value="&#10;"/>
    <property name="java.vm.specification.vendor" value="Oracle Corporation"/>
    <property name="java.specification.name" value="Java Platform API Specification"/>
    <property name="java.awt.graphicsenv" value="sun.awt.Win32GraphicsEnvironment"/>
    <property name="surefire.real.class.path" value="C:\Users\piynimor\AppData\Local\Temp\surefire7566589389825919985\surefirebooter7686287394008985933.jar;C:\Users\piynimor\.m2\repository/org/aspectj/aspectjweaver/1.8.4/aspectjweaver-1.8.4.jar"/>
    <property name="sun.boot.class.path" value="C:\Program Files\Java\jdk1.8.0_221\jre\lib\resources.jar;C:\Program Files\Java\jdk1.8.0_221\jre\lib\rt.jar;C:\Program Files\Java\jdk1.8.0_221\jre\lib\sunrsasign.jar;C:\Program Files\Java\jdk1.8.0_221\jre\lib\jsse.jar;C:\Program Files\Java\jdk1.8.0_221\jre\lib\jce.jar;C:\Program Files\Java\jdk1.8.0_221\jre\lib\charsets.jar;C:\Program Files\Java\jdk1.8.0_221\jre\lib\jfr.jar;C:\Program Files\Java\jdk1.8.0_221\jre\classes"/>
    <property name="user.script" value=""/>
    <property name="sun.management.compiler" value="HotSpot 64-Bit Tiered Compilers"/>
    <property name="java.runtime.version" value="1.8.0_221-b11"/>
    <property name="user.name" value="piynimor"/>
    <property name="path.separator" value=";"/>
    <property name="os.version" value="10.0"/>
    <property name="java.endorsed.dirs" value="C:\Program Files\Java\jdk1.8.0_221\jre\lib\endorsed"/>
    <property name="java.runtime.name" value="Java(TM) SE Runtime Environment"/>
    <property name="file.encoding" value="Cp1252"/>
    <property name="browser" value="chrome"/>
    <property name="isParallel" value=""/>
    <property name="java.vm.name" value="Java HotSpot(TM) 64-Bit Server VM"/>
    <property name="localRepository" value="C:\Users\piynimor\.m2\repository"/>
    <property name="cucumber.options" value="--tags @login"/>
    <property name="java.vendor.url.bug" value="http://bugreport.sun.com/bugreport/"/>
    <property name="java.io.tmpdir" value="C:\Users\piynimor\AppData\Local\Temp\"/>
    <property name="java.version" value="1.8.0_221"/>
    <property name="testsuite" value="testng_chrome"/>
    <property name="user.dir" value="C:\Users\piynimor\Downloads\box-autoTest"/>
    <property name="os.arch" value="amd64"/>
    <property name="webdriver.gecko.driver" value="C:\Users\piynimor\Downloads\box-autoTest/src/main/resources/webdriver/win/geckodriver.exe"/>
    <property name="java.vm.specification.name" value="Java Virtual Machine Specification"/>
    <property name="java.awt.printerjob" value="sun.awt.windows.WPrinterJob"/>
    <property name="env" value=""/>
    <property name="sun.os.patch.level" value=""/>
    <property name="headless" value=""/>
    <property name="java.library.path" value="C:\Program Files\Java\jdk1.8.0_221\jre\bin;C:\WINDOWS\Sun\Java\bin;C:\WINDOWS\system32;C:\WINDOWS;C:\Users\piynimor\bin;C:\Program Files\Git\mingw64\bin;C:\Program Files\Git\usr\local\bin;C:\Program Files\Git\usr\bin;C:\Program Files\Git\usr\bin;C:\Program Files\Git\mingw64\bin;C:\Program Files\Git\usr\bin;C:\Users\piynimor\bin;C:\Program Files (x86)\Common Files\Oracle\Java\javapath;C:\WINDOWS\system32;C:\WINDOWS;C:\WINDOWS\System32\Wbem;C:\WINDOWS\System32\WindowsPowerShell\v1.0;C:\WINDOWS\System32\OpenSSH;C:\Program Files\Intel\WiFi\bin;C:\Program Files\Common Files\Intel\WirelessCommon;C:\Program Files (x86)\Box\Box Edit;C:\Program Files\nodejs;C:\Program Files\Git\cmd;C:\Program Files (x86)\Yarn\bin;C:\Program Files\Java\jdk1.8.0_221\bin;C:\Users\piynimor\Downloads\apache-maven-3.6.3\bin;C:\Program Files\Docker\Docker\resources\bin;C:\ProgramData\DockerDesktop\version-bin;C:\ProgramData\chocolatey\bin;C:\Users\piynimor\AppData\Local\Programs\Python\Python39\Scripts;C:\Users\piynimor\AppData\Local\Programs\Python\Python39;C:\Users\piynimor\AppData\Local\Microsoft\WindowsApps;C:\Users\piynimor\AppData\Roaming\npm;C:\Users\piynimor\AppData\Local\Programs\Microsoft VS Code\bin;C:\Users\piynimor\AppData\Local\Yarn\bin;C:\Program Files\JetBrains\IntelliJ IDEA Community Edition 2020.1.2\bin;C:\Program Files\Git\usr\bin\vendor_perl;C:\Program Files\Git\usr\bin\core_perl;."/>
    <property name="java.vm.info" value="mixed mode"/>
    <property name="java.vendor" value="Oracle Corporation"/>
    <property name="java.vm.version" value="25.221-b11"/>
    <property name="java.ext.dirs" value="C:\Program Files\Java\jdk1.8.0_221\jre\lib\ext;C:\WINDOWS\Sun\Java\lib\ext"/>
    <property name="sun.io.unicode.encoding" value="UnicodeLittle"/>
    <property name="java.class.version" value="52.0"/>
  </properties>
  <testcase name="runScenario" classname="TestRunner" time="47.193"/>
  <testcase name="runScenario" classname="TestRunner" time="23.75">
    <failure message="-- Invalid credentials should be displayed -- did not expect to find [true] but found [false]" type="java.lang.AssertionError">java.lang.AssertionError: -- Invalid credentials should be displayed -- did not expect to find [true] but found [false]
</failure>
    <system-out><![CDATA[&amp#27;[32m.&amp#27;[0m&amp#27;[32m.&amp#27;[0m&amp#27;[32m.&amp#27;[0m&amp#27;[31mF&amp#27;[0mScenario failed is 
Page URL https://account.box.com/login/credentials?redirect_url=%2F]]></system-out>
    <system-err><![CDATA[&amp#27;[33m
[2021-03-27 00:57:51] [WARNING]&amp#27;[37m Taking screenshot of failed area for scenario -->> System should not login into the account with invalid credentials&amp#27;[0m
]]></system-err>
  </testcase>
</testsuite>